2024-07-28 21:45:56 -- program start
2024-07-28 21:47:04
 -- program start
2024-07-28 21:47:18
 -- animal add
2024-07-28 21:47:22
 -- animal add
2024-07-28 21:47:24
 -- animal add
2024-07-28 21:47:27
 -- animal add
2024-07-28 21:47:30
 -- animal add
2024-07-28 21:47:34
 -- animal add
2024-07-28 21:47:34
 -- animal bear (ID: 4379483488) couldn't find prey and decreased fullness to 34
2024-07-28 21:47:34
 -- animal bear (ID: 4379442160) couldn't catch prey and decreased fullness to 34
2024-07-28 21:47:34
 -- animal bear (ID: 4379442544) couldn't find prey and decreased fullness to 34
2024-07-28 21:47:34
 -- animal bear (ID: 4380452784) couldn't catch prey and decreased fullness to 34
2024-07-28 21:47:34
 -- animal bear (ID: 4381210288) couldn't catch prey and decreased fullness to 34
2024-07-28 21:47:34
 -- animal bear (ID: 4381210240) couldn't catch prey and decreased fullness to 34
2024-07-28 21:47:34
 -- animal bear (ID: 4379483488) couldn't catch prey and decreased fullness to 18
2024-07-28 21:47:34
 -- animal bear (ID: 4379442160) couldn't find prey and decreased fullness to 18
2024-07-28 21:47:34
 -- animal bear (ID: 4379442544) couldn't find prey and decreased fullness to 18
2024-07-28 21:47:34
 -- animal bear (ID: 4380452784) couldn't find prey and decreased fullness to 18
2024-07-28 21:47:34
 -- animal bear (ID: 4381210288) couldn't find prey and decreased fullness to 18
2024-07-28 21:47:34
 -- animal bear (ID: 4381210240) couldn't find prey and decreased fullness to 18
2024-07-28 21:47:34
 -- animal bear (ID: 4379483488) couldn't catch prey and decreased fullness to 2
2024-07-28 21:47:34
 -- animal bear (ID: 4379442160) couldn't catch prey and decreased fullness to 2
2024-07-28 21:47:34
 -- animal bear (ID: 4379442544) couldn't find prey and decreased fullness to 2
2024-07-28 21:47:34
 -- animal bear (ID: 4380452784) couldn't find prey and decreased fullness to 2
2024-07-28 21:47:34
 -- animal bear (ID: 4381210288) couldn't find prey and decreased fullness to 2
2024-07-28 21:47:34
 -- animal bear (ID: 4381210240) couldn't catch prey and decreased fullness to 2
2024-07-28 21:47:34
 -- animal bear (ID: 4379483488) died of starvation and converted to 2000 units of plant food
2024-07-28 21:47:34
 -- animal bear (ID: 4379442160) died of starvation and converted to 2000 units of plant food
2024-07-28 21:47:34
 -- animal bear (ID: 4379442544) died of starvation and converted to 2000 units of plant food
2024-07-28 21:47:34
 -- animal bear (ID: 4380452784) died of starvation and converted to 2000 units of plant food
2024-07-28 21:47:34
 -- animal bear (ID: 4381210288) died of starvation and converted to 2000 units of plant food
2024-07-28 21:47:34
 -- animal bear (ID: 4381210240) died of starvation and converted to 2000 units of plant food
2024-07-28 21:47:34
 -- animal bear (ID: 4381210288) dead
2024-07-28 21:47:34
 -- animal bear (ID: 4380452784) dead
2024-07-28 21:47:34
 -- animal bear (ID: 4379442544) dead
2024-07-28 21:47:34
 -- animal bear (ID: 4379442160) dead
2024-07-28 21:47:34
 -- animal bear (ID: 4379483488) dead
2024-07-28 21:47:34
 -- time advanced by 1 unit

2024-07-28 21:47:36
 -- animal bear (ID: 4381210240) dead
2024-07-28 21:48:26
 -- program start
2024-07-28 21:48:33
 -- animal add
2024-07-28 21:48:35
 -- animal add
2024-07-28 21:48:37
 -- animal add
2024-07-28 21:48:39
 -- animal add
2024-07-28 21:48:41
 -- animal add
2024-07-28 21:48:43
 -- animal add
2024-07-28 21:48:43
 -- animal bear (ID: 4346584464) couldn't catch prey and decreased fullness to 34
2024-07-28 21:48:43
 -- animal bear (ID: 4346543472) couldn't find prey and decreased fullness to 34
2024-07-28 21:48:43
 -- animal bear (ID: 4346534208) couldn't find prey and decreased fullness to 34
2024-07-28 21:48:43
 -- animal bear (ID: 4348311744) couldn't catch prey and decreased fullness to 34
2024-07-28 21:48:43
 -- animal bear (ID: 4348311456) couldn't catch prey and decreased fullness to 34
2024-07-28 21:48:43
 -- animal bear (ID: 4348311264) couldn't find prey and decreased fullness to 34
2024-07-28 21:48:43
 -- animal bear (ID: 4346584464) couldn't catch prey and decreased fullness to 18
2024-07-28 21:48:43
 -- animal bear (ID: 4346543472) couldn't catch prey and decreased fullness to 18
2024-07-28 21:48:43
 -- animal bear (ID: 4346534208) couldn't catch prey and decreased fullness to 18
2024-07-28 21:48:43
 -- animal bear (ID: 4348311744) couldn't find prey and decreased fullness to 18
2024-07-28 21:48:43
 -- animal bear (ID: 4348311456) couldn't catch prey and decreased fullness to 18
2024-07-28 21:48:43
 -- animal bear (ID: 4348311264) couldn't find prey and decreased fullness to 18
2024-07-28 21:48:43
 -- animal bear (ID: 4346584464) couldn't find prey and decreased fullness to 2
2024-07-28 21:48:43
 -- animal bear (ID: 4346543472) couldn't find prey and decreased fullness to 2
2024-07-28 21:48:43
 -- animal bear (ID: 4346534208) couldn't find prey and decreased fullness to 2
2024-07-28 21:48:43
 -- animal bear (ID: 4348311744) couldn't catch prey and decreased fullness to 2
2024-07-28 21:48:43
 -- animal bear (ID: 4348311456) couldn't catch prey and decreased fullness to 2
2024-07-28 21:48:43
 -- animal bear (ID: 4348311264) couldn't catch prey and decreased fullness to 2
2024-07-28 21:48:43
 -- animal bear (ID: 4346584464) died of starvation and converted to 2000 units of plant food
2024-07-28 21:48:43
 -- animal bear (ID: 4346543472) died of starvation and converted to 2000 units of plant food
2024-07-28 21:48:43
 -- animal bear (ID: 4346534208) died of starvation and converted to 2000 units of plant food
2024-07-28 21:48:43
 -- animal bear (ID: 4348311744) died of starvation and converted to 2000 units of plant food
2024-07-28 21:48:43
 -- animal bear (ID: 4348311456) died of starvation and converted to 2000 units of plant food
2024-07-28 21:48:43
 -- animal bear (ID: 4348311264) died of starvation and converted to 2000 units of plant food
2024-07-28 21:48:43
 -- animal bear (ID: 4348311456) dead
2024-07-28 21:48:43
 -- animal bear (ID: 4348311744) dead
2024-07-28 21:48:43
 -- animal bear (ID: 4346534208) dead
2024-07-28 21:48:43
 -- animal bear (ID: 4346543472) dead
2024-07-28 21:48:43
 -- animal bear (ID: 4346584464) dead
2024-07-28 21:48:43
 -- time advanced by 1 unit

2024-07-28 21:48:45
 -- animal bear (ID: 4348311264) dead
2024-07-28 21:48:45
 -- end of program
2024-07-28 21:49:31 -- program start


2024-07-28 21:49:38 -- animal add

2024-07-28 21:49:38 -- animal bear (ID: 4378390560) couldn't catch prey and decreased fullness to 34

2024-07-28 21:49:38 -- animal bear (ID: 4378390560) couldn't find prey and decreased fullness to 18

2024-07-28 21:49:38 -- animal bear (ID: 4378390560) couldn't find prey and decreased fullness to 2

2024-07-28 21:49:38 -- animal bear (ID: 4378390560) died of starvation and converted to 2000 units of plant food

2024-07-28 21:49:38 -- time advanced by 1 unit


2024-07-28 21:49:40 -- animal bear (ID: 4378390560) dead

2024-07-28 21:49:40 -- end of program

2024-07-28 21:50:05 -- program start


2024-07-28 21:50:09 -- animal add

2024-07-28 21:50:09 -- animal bear (ID: 4364873760) couldn't find prey and decreased fullness to 34

2024-07-28 21:50:09 -- time advanced by 1 unit


2024-07-28 21:50:11 -- id: 4364873760, species: bear, size: 2000, food: ['lion', 'giraffe', 'elephant'], eco_niche: land, lifespan: 20, age: 1, fullness: 34, gender: male

2024-07-28 21:50:11 -- animal bear (ID: 4364873760) couldn't find prey and decreased fullness to 18

2024-07-28 21:50:11 -- time advanced by 1 unit


2024-07-28 21:50:13 -- id: 4364873760, species: bear, size: 2000, food: ['lion', 'giraffe', 'elephant'], eco_niche: land, lifespan: 20, age: 2, fullness: 18, gender: male

2024-07-28 21:50:13 -- animal bear (ID: 4364873760) couldn't catch prey and decreased fullness to 2

2024-07-28 21:50:13 -- animal bear (ID: 4364873760) died of starvation and converted to 2000 units of plant food

2024-07-28 21:50:13 -- time advanced by 1 unit


2024-07-28 21:50:15 -- animal bear (ID: 4364873760) dead

2024-07-28 21:50:15 -- end of program

2024-07-28 21:50:41 -- program start


2024-07-28 21:50:44 -- animal add

2024-07-28 21:50:44 -- animal bear (ID: 4331297904) couldn't find prey and decreased fullness to 34

2024-07-28 21:50:44 -- time advanced by 1 unit


2024-07-28 21:50:46 -- id: 4331297904, species: bear, size: 2000, food: ['lion', 'giraffe', 'elephant'], eco_niche: land, lifespan: 20, age: 1, fullness: 34, gender: male

2024-07-28 21:53:54 -- program start


2024-07-28 21:53:57 -- animal add

2024-07-28 21:53:57 -- animal bear (ID: 4339391600) couldn't catch prey and decreased fullness to 34

2024-07-28 21:53:57 -- time advanced by 1 unit


2024-07-28 21:53:59 -- id: 4339391600, species: bear, size: 2000, food: ['lion', 'giraffe', 'elephant'], eco_niche: land, lifespan: 20, age: 1, fullness: 34, gender: male

2024-07-28 22:04:01 -- program start


2024-07-28 22:04:05 -- animal add

2024-07-28 22:04:12 -- program start


2024-07-28 22:04:12 -- end of program

2024-07-28 22:10:33 -- program start


2024-07-28 22:12:35 -- program start


2024-07-28 22:12:44 -- program start


2024-07-28 22:12:57 -- program start


2024-07-28 22:13:41 -- program start


2024-07-28 22:14:40 -- program start


2024-07-28 22:16:01 -- program start


2024-07-28 22:16:26 -- program start


2024-07-28 22:16:35 -- program start


2024-07-28 22:17:26 -- program start


2024-07-28 22:19:12 -- program start


2024-07-28 22:19:18 -- end of program

2024-07-28 22:19:20 -- program start


2024-07-28 22:20:00 -- program start


2024-07-28 22:20:31 -- program start


2024-07-28 22:20:36 -- program start


2024-07-28 22:20:44 -- program start


2024-07-28 22:21:35 -- program start


2024-07-28 22:25:05 -- program start


2024-07-28 22:25:16 -- program start


2024-07-28 22:25:31 -- program start


2024-07-28 22:25:37 -- added 500 units of food

2024-07-28 22:26:28 -- program start


2024-07-28 22:27:22 -- program start


2024-07-28 22:30:26 -- program start


2024-07-28 22:30:34 -- program start


2024-07-28 22:33:48 -- program start


2024-07-28 22:34:33 -- program start


2024-07-28 22:35:33 -- program start


2024-07-28 22:35:37 -- animal add

2024-07-28 22:35:47 -- animal add

2024-07-28 22:35:50 -- animal bear (ID: 4381220384) couldn't find prey and decreased fullness to 34

2024-07-28 22:35:50 -- animal bear (ID: 4382946752) couldn't find prey and decreased fullness to 34

2024-07-28 22:35:50 -- time advanced by 1 unit


2024-07-28 22:35:52 -- id: 4381220384, species: bear, size: 2000, food: ['lion', 'giraffe', 'elephant'], eco_niche: land, lifespan: 20, age: 1, fullness: 34, gender: male

2024-07-28 22:35:52 -- id: 4382946752, species: bear, size: 2000, food: ['lion', 'giraffe', 'elephant'], eco_niche: land, lifespan: 20, age: 1, fullness: 34, gender: male

2024-07-28 22:35:52 -- animal bear (ID: 4381220384) couldn't catch prey and decreased fullness to 18

2024-07-28 22:35:52 -- animal bear (ID: 4382946752) couldn't find prey and decreased fullness to 18

2024-07-28 22:35:52 -- time advanced by 1 unit


2024-07-28 22:35:54 -- id: 4381220384, species: bear, size: 2000, food: ['lion', 'giraffe', 'elephant'], eco_niche: land, lifespan: 20, age: 2, fullness: 18, gender: male

2024-07-28 22:35:54 -- id: 4382946752, species: bear, size: 2000, food: ['lion', 'giraffe', 'elephant'], eco_niche: land, lifespan: 20, age: 2, fullness: 18, gender: male

2024-07-28 22:35:54 -- animal bear (ID: 4381220384) couldn't find prey and decreased fullness to 2

2024-07-28 22:35:54 -- animal bear (ID: 4382946752) couldn't catch prey and decreased fullness to 2

2024-07-28 22:35:54 -- animal bear (ID: 4381220384) died of starvation and converted to 2000 units of plant food

2024-07-28 22:35:54 -- animal bear (ID: 4382946752) died of starvation and converted to 2000 units of plant food

2024-07-28 22:35:54 -- animal bear (ID: 4381220384) dead

2024-07-28 22:35:54 -- time advanced by 1 unit


2024-07-28 22:35:56 -- animal bear (ID: 4382946752) dead

